<?xml version="1.0" encoding="UTF-8" standalone="no"?>
<testsuite errors="0" failures="2" name="io.cucumber.core.plugin.JUnitFormatter" skipped="0" tests="2" time="23.302">
<testcase classname="This feature will validate flight booking functionality" name="Verify flight booking for users" time="13.742">
<failure message="Msg is valid" type="java.lang.AssertionError"><![CDATA[Given User navigates to flight booking application..........................passed
When user selects "Paris" and "Rome" city...................................passed
And click on Find Flights button............................................passed
And user choose flight to reserve ticket....................................passed
And user enters all passenger details.......................................passed
And clicks on Purchase Flight button........................................passed
Then user validates purchase details........................................failed

StackTrace:
java.lang.AssertionError: Msg is valid
	at org.junit.Assert.fail(Assert.java:88)
	at org.junit.Assert.assertTrue(Assert.java:41)
	at stepDefinitions.FlightStepDefs.userValidatesPurchaseDetails(FlightStepDefs.java:102)
	at ✽.user validates purchase details(file:///C:/FlightProjectAutomation/FlightBooking/src/test/resources/features/Flight.feature:11)
]]></failure>
</testcase>
<testcase classname="This feature will validate flight booking functionality" name="Verify flight booking for users 2" time="8.73">
<failure message="Msg is valid" type="java.lang.AssertionError"><![CDATA[Given User navigates to flight booking application..........................passed
When user selects "Boston" and "Berlin" city................................passed
And click on Find Flights button............................................passed
And user choose flight to reserve ticket....................................passed
And user enters all passenger details.......................................passed
And clicks on Purchase Flight button........................................passed
Then user validates purchase details........................................failed

StackTrace:
java.lang.AssertionError: Msg is valid
	at org.junit.Assert.fail(Assert.java:88)
	at org.junit.Assert.assertTrue(Assert.java:41)
	at stepDefinitions.FlightStepDefs.userValidatesPurchaseDetails(FlightStepDefs.java:102)
	at ✽.user validates purchase details(file:///C:/FlightProjectAutomation/FlightBooking/src/test/resources/features/Flight.feature:11)
]]></failure>
</testcase>
</testsuite>
